生成启动时间为 2016/10/7 17:00:27。
     1>项目“C:\Users\cww19950812\Desktop\faceDectect\faceDectect\faceDectect.vcxproj”在节点 2 上(Build 个目标)。
     1>InitializeBuildStatus:
         正在创建“Release\faceDectect.tlog\unsuccessfulbuild”，因为已指定“AlwaysCreate”。
       ClCompile:
         E:\VS2015\VC\bin\CL.exe /c /Zi /nologo /W3 /WX- /sdl /O2 /Oi /Oy- /GL /D WIN32 /D NDEBUG /D _CONSOLE /D _UNICODE /D UNICODE /Gm- /EHsc /MD /GS /Gy /fp:precise /Zc:wchar_t /Zc:forScope /Zc:inline /Fo"Release\\" /Fd"Release\vc140.pdb" /Gd /TP /analyze- /errorReport:prompt main.cpp
         main.cpp
     1>main.cpp(54): warning C4018: “<”: 有符号/无符号不匹配
     1>main.cpp(56): warning C4244: “参数”: 从“double”转换到“int”，可能丢失数据
     1>main.cpp(60): warning C4244: “参数”: 从“double”转换到“int”，可能丢失数据
     1>main.cpp(82): warning C4018: “<”: 有符号/无符号不匹配
     1>main.cpp(84): warning C4244: “参数”: 从“double”转换到“int”，可能丢失数据
     1>main.cpp(96): warning C4018: “<”: 有符号/无符号不匹配
     1>main.cpp(98): warning C4244: “参数”: 从“double”转换到“int”，可能丢失数据
     1>main.cpp(99): warning C4244: “参数”: 从“double”转换到“int”，可能丢失数据
       Link:
         E:\VS2015\VC\bin\link.exe /ERRORREPORT:PROMPT /OUT:"C:\Users\cww19950812\Desktop\faceDectect\Release\faceDectect.exe" /INCREMENTAL:NO /NOLOGO /LIBPATH:E:\OpencvInstall\opencv\build\x86\vc11\lib /LIBPATH:E:\OpencvInstall\opencv\build\x86\vc12\lib opencv_calib3d2413.lib opencv_contrib2413.lib opencv_core2413.lib opencv_features2d2413.lib opencv_flann2413.lib opencv_gpu2413.lib opencv_highgui2413.lib opencv_imgproc2413.lib opencv_legacy2413.lib opencv_ml2413.lib opencv_nonfree2413.lib opencv_objdetect2413.lib opencv_ocl2413.lib opencv_photo2413.lib opencv_stitching2413.lib opencv_superres2413.lib opencv_ts2413.lib opencv_video2413.lib opencv_videostab2413.lib opencv_calib3d2413d.lib opencv_contrib2413d.lib opencv_core2413d.lib opencv_features2d2413d.lib opencv_flann2413d.lib opencv_gpu2413d.lib opencv_highgui2413d.lib opencv_imgproc2413d.lib opencv_legacy2413d.lib opencv_ml2413d.lib opencv_nonfree2413d.lib opencv_objdetect2413d.lib opencv_ocl2413d.lib opencv_photo2413d.lib opencv_stitching2413d.lib opencv_superres2413d.lib opencv_ts2413d.lib opencv_video2413d.lib opencv_videostab2413d.lib kernel32.lib user32.lib gdi32.lib winspool.lib comdlg32.lib advapi32.lib shell32.lib ole32.lib oleaut32.lib uuid.lib odbc32.lib odbccp32.lib /MANIFEST /MANIFESTUAC:"level='asInvoker' uiAccess='false'" /manifest:embed /Debug /PDB:"C:\Users\cww19950812\Desktop\faceDectect\Release\faceDectect.pdb" /SUBSYSTEM:CONSOLE /OPT:REF /OPT:ICF /LTCG:incremental /TLBID:1 /DYNAMICBASE /NXCOMPAT /IMPLIB:"C:\Users\cww19950812\Desktop\faceDectect\Release\faceDectect.lib" /MACHINE:X86 /SAFESEH Release\main.obj
         正在生成代码
         48 of 148 functions (32.4%) were compiled, the rest were copied from previous compilation.
           3 functions were new in current compilation
           2 functions had inline decision re-evaluated but remain unchanged
         已完成代码的生成
         faceDectect.vcxproj -> C:\Users\cww19950812\Desktop\faceDectect\Release\faceDectect.exe
       FinalizeBuildStatus:
         正在删除文件“Release\faceDectect.tlog\unsuccessfulbuild”。
         正在对“Release\faceDectect.tlog\faceDectect.lastbuildstate”执行 Touch 任务。
     1>已完成生成项目“C:\Users\cww19950812\Desktop\faceDectect\faceDectect\faceDectect.vcxproj”(Build 个目标)的操作。

已成功生成。

已用时间 00:00:01.96
